<?xml version="1.0" encoding="UTF-8"?>
<!-- Generated by org.testng.reporters.JUnitReportReporter -->
<testsuite hostname="DESKTOP-I7KL6VP" failures="0" tests="4" name="rest_assured.Rest_1" time="4.986" errors="0" timestamp="2023-01-02T22:33:30 IST" skipped="3">
  <testcase classname="rest_assured.Rest_1" name="Test_2" time="4.986"/>
  <system-out/>
  <testcase classname="rest_assured.Rest_1" name="Test_5">
    <skipped/>
  </testcase> <!-- Test_5 -->
  <system-out/>
  <testcase classname="rest_assured.Rest_1" name="Test_3">
    <skipped/>
  </testcase> <!-- Test_3 -->
  <system-out/>
  <testcase classname="rest_assured.Rest_1" name="Test_4">
    <skipped/>
  </testcase> <!-- Test_4 -->
  <system-out/>
</testsuite> <!-- rest_assured.Rest_1 -->
