<?xml version="1.0" encoding="UTF-8"?>
<!-- Generated by org.testng.reporters.JUnitReportReporter -->
<testsuite hostname="DESKTOP-I7KL6VP" failures="0" tests="4" name="rest_assured.Json_1" time="5.615" errors="0" timestamp="2023-01-03T11:27:53 IST" skipped="3">
  <testcase classname="rest_assured.Json_1" name="JobROle" time="5.615"/>
  <system-out/>
  <testcase classname="rest_assured.Json_1" name="Test_2">
    <skipped/>
  </testcase> <!-- Test_2 -->
  <system-out/>
  <testcase classname="rest_assured.Json_1" name="Users">
    <skipped/>
  </testcase> <!-- Users -->
  <system-out/>
  <testcase classname="rest_assured.Json_1" name="Test_1">
    <skipped/>
  </testcase> <!-- Test_1 -->
  <system-out/>
</testsuite> <!-- rest_assured.Json_1 -->
