<?xml version="1.0" encoding="UTF-8"?>
<!-- Generated by org.testng.reporters.JUnitReportReporter -->
<testsuite hostname="DESKTOP-I7KL6VP" failures="0" tests="2" name="rest_assured.Trello" time="8.422" errors="0" timestamp="2023-01-03T16:41:00 IST" skipped="0">
  <testcase classname="rest_assured.Trello" name="CreateBoards" time="7.755"/>
  <system-out/>
  <testcase classname="rest_assured.Trello" name="UpadateBoards" time="0.667"/>
  <system-out/>
</testsuite> <!-- rest_assured.Trello -->
